  main.cpp
d:\github\cs3113\project_template\windows\nyucodebase\nyucodebase\main.cpp(46): warning C4305: 'initializing': truncation from 'double' to 'float'
d:\github\cs3113\project_template\windows\nyucodebase\nyucodebase\main.cpp(92): warning C4018: '<': signed/unsigned mismatch
d:\github\cs3113\project_template\windows\nyucodebase\nyucodebase\main.cpp(193): warning C4838: conversion from 'double' to 'float' requires a narrowing conversion
d:\github\cs3113\project_template\windows\nyucodebase\nyucodebase\main.cpp(193): warning C4244: 'initializing': conversion from 'double' to 'float', possible loss of data
d:\github\cs3113\project_template\windows\nyucodebase\nyucodebase\main.cpp(554): warning C4305: 'argument': truncation from 'double' to 'float'
d:\github\cs3113\project_template\windows\nyucodebase\nyucodebase\main.cpp(560): warning C4305: '=': truncation from 'double' to 'float'
d:\github\cs3113\project_template\windows\nyucodebase\nyucodebase\main.cpp(561): warning C4305: '=': truncation from 'double' to 'float'
d:\github\cs3113\project_template\windows\nyucodebase\nyucodebase\main.cpp(567): warning C4305: '=': truncation from 'double' to 'float'
d:\github\cs3113\project_template\windows\nyucodebase\nyucodebase\main.cpp(673): warning C4305: 'argument': truncation from 'double' to 'float'
d:\github\cs3113\project_template\windows\nyucodebase\nyucodebase\main.cpp(675): warning C4305: 'argument': truncation from 'double' to 'float'
d:\github\cs3113\project_template\windows\nyucodebase\nyucodebase\main.cpp(679): warning C4305: 'argument': truncation from 'double' to 'float'
d:\github\cs3113\project_template\windows\nyucodebase\nyucodebase\main.cpp(699): warning C4305: 'argument': truncation from 'double' to 'float'
d:\github\cs3113\project_template\windows\nyucodebase\nyucodebase\main.cpp(703): warning C4305: 'argument': truncation from 'double' to 'float'
d:\github\cs3113\project_template\windows\nyucodebase\nyucodebase\main.cpp(707): warning C4305: 'argument': truncation from 'double' to 'float'
d:\github\cs3113\project_template\windows\nyucodebase\nyucodebase\main.cpp(713): warning C4305: 'argument': truncation from 'double' to 'float'
d:\github\cs3113\project_template\windows\nyucodebase\nyucodebase\main.cpp(776): warning C4244: 'argument': conversion from 'double' to 'float', possible loss of data
d:\github\cs3113\project_template\windows\nyucodebase\nyucodebase\main.cpp(906): warning C4244: '+=': conversion from 'double' to 'float', possible loss of data
d:\github\cs3113\project_template\windows\nyucodebase\nyucodebase\main.cpp(961): warning C4305: 'argument': truncation from 'double' to 'float'
d:\github\cs3113\project_template\windows\nyucodebase\nyucodebase\main.cpp(1024): warning C4244: 'return': conversion from 'double' to 'float', possible loss of data
d:\github\cs3113\project_template\windows\nyucodebase\nyucodebase\main.cpp(1130): warning C4244: 'initializing': conversion from 'float' to 'int', possible loss of data
d:\github\cs3113\project_template\windows\nyucodebase\nyucodebase\main.cpp(1131): warning C4244: 'initializing': conversion from 'float' to 'int', possible loss of data
  NYUCodebase.vcxproj -> D:\GitHub\CS3113\project_template\Windows\NYUCodebase\Debug\NYUCodebase.exe
  NYUCodebase.vcxproj -> D:\GitHub\CS3113\project_template\Windows\NYUCodebase\Debug\NYUCodebase.pdb (Partial PDB)
