  main.cpp
c:\users\iamsa\onedrive\documents\github\introgameprogramming\hw2\nyucodebase\nyucodebase\main.cpp(62): warning C4305: '=': truncation from 'double' to 'float'
c:\users\iamsa\onedrive\documents\github\introgameprogramming\hw2\nyucodebase\nyucodebase\main.cpp(63): warning C4305: '=': truncation from 'double' to 'float'
c:\users\iamsa\onedrive\documents\github\introgameprogramming\hw2\nyucodebase\nyucodebase\main.cpp(64): warning C4305: '=': truncation from 'double' to 'float'
c:\users\iamsa\onedrive\documents\github\introgameprogramming\hw2\nyucodebase\nyucodebase\main.cpp(68): warning C4305: '=': truncation from 'double' to 'float'
c:\users\iamsa\onedrive\documents\github\introgameprogramming\hw2\nyucodebase\nyucodebase\main.cpp(70): warning C4305: '=': truncation from 'double' to 'float'
c:\users\iamsa\onedrive\documents\github\introgameprogramming\hw2\nyucodebase\nyucodebase\main.cpp(71): warning C4305: '=': truncation from 'double' to 'float'
c:\users\iamsa\onedrive\documents\github\introgameprogramming\hw2\nyucodebase\nyucodebase\main.cpp(87): warning C4305: '=': truncation from 'double' to 'float'
c:\users\iamsa\onedrive\documents\github\introgameprogramming\hw2\nyucodebase\nyucodebase\main.cpp(88): warning C4305: '=': truncation from 'double' to 'float'
c:\users\iamsa\onedrive\documents\github\introgameprogramming\hw2\nyucodebase\nyucodebase\main.cpp(89): warning C4305: '=': truncation from 'double' to 'float'
c:\users\iamsa\onedrive\documents\github\introgameprogramming\hw2\nyucodebase\nyucodebase\main.cpp(90): warning C4305: '=': truncation from 'double' to 'float'
c:\users\iamsa\onedrive\documents\github\introgameprogramming\hw2\nyucodebase\nyucodebase\main.cpp(139): warning C4305: 'argument': truncation from 'double' to 'float'
c:\users\iamsa\onedrive\documents\github\introgameprogramming\hw2\nyucodebase\nyucodebase\main.cpp(140): warning C4305: 'argument': truncation from 'double' to 'float'
c:\users\iamsa\onedrive\documents\github\introgameprogramming\hw2\nyucodebase\nyucodebase\main.cpp(141): warning C4305: 'argument': truncation from 'double' to 'float'
c:\users\iamsa\onedrive\documents\github\introgameprogramming\hw2\nyucodebase\nyucodebase\main.cpp(169): warning C4244: '+=': conversion from 'double' to 'float', possible loss of data
c:\users\iamsa\onedrive\documents\github\introgameprogramming\hw2\nyucodebase\nyucodebase\main.cpp(170): warning C4244: '+=': conversion from 'double' to 'float', possible loss of data
c:\users\iamsa\onedrive\documents\github\introgameprogramming\hw2\nyucodebase\nyucodebase\main.cpp(171): warning C4244: 'argument': conversion from 'double' to 'float', possible loss of data
c:\users\iamsa\onedrive\documents\github\introgameprogramming\hw2\nyucodebase\nyucodebase\main.cpp(182): warning C4244: '-=': conversion from 'double' to 'float', possible loss of data
c:\users\iamsa\onedrive\documents\github\introgameprogramming\hw2\nyucodebase\nyucodebase\main.cpp(183): warning C4244: '-=': conversion from 'double' to 'float', possible loss of data
c:\users\iamsa\onedrive\documents\github\introgameprogramming\hw2\nyucodebase\nyucodebase\main.cpp(184): warning C4244: 'argument': conversion from 'double' to 'float', possible loss of data
c:\users\iamsa\onedrive\documents\github\introgameprogramming\hw2\nyucodebase\nyucodebase\main.cpp(197): warning C4244: '+=': conversion from 'double' to 'float', possible loss of data
c:\users\iamsa\onedrive\documents\github\introgameprogramming\hw2\nyucodebase\nyucodebase\main.cpp(198): warning C4244: '+=': conversion from 'double' to 'float', possible loss of data
c:\users\iamsa\onedrive\documents\github\introgameprogramming\hw2\nyucodebase\nyucodebase\main.cpp(199): warning C4244: 'argument': conversion from 'double' to 'float', possible loss of data
c:\users\iamsa\onedrive\documents\github\introgameprogramming\hw2\nyucodebase\nyucodebase\main.cpp(210): warning C4244: '-=': conversion from 'double' to 'float', possible loss of data
c:\users\iamsa\onedrive\documents\github\introgameprogramming\hw2\nyucodebase\nyucodebase\main.cpp(211): warning C4244: '-=': conversion from 'double' to 'float', possible loss of data
c:\users\iamsa\onedrive\documents\github\introgameprogramming\hw2\nyucodebase\nyucodebase\main.cpp(212): warning C4244: 'argument': conversion from 'double' to 'float', possible loss of data
c:\users\iamsa\onedrive\documents\github\introgameprogramming\hw2\nyucodebase\nyucodebase\main.cpp(235): warning C4838: conversion from 'double' to 'float' requires a narrowing conversion
c:\users\iamsa\onedrive\documents\github\introgameprogramming\hw2\nyucodebase\nyucodebase\main.cpp(235): warning C4305: 'initializing': truncation from 'double' to 'float'
c:\users\iamsa\onedrive\documents\github\introgameprogramming\hw2\nyucodebase\nyucodebase\main.cpp(252): warning C4838: conversion from 'double' to 'float' requires a narrowing conversion
c:\users\iamsa\onedrive\documents\github\introgameprogramming\hw2\nyucodebase\nyucodebase\main.cpp(252): warning C4305: 'initializing': truncation from 'double' to 'float'
c:\users\iamsa\onedrive\documents\github\introgameprogramming\hw2\nyucodebase\nyucodebase\main.cpp(270): warning C4244: '=': conversion from 'double' to 'float', possible loss of data
c:\users\iamsa\onedrive\documents\github\introgameprogramming\hw2\nyucodebase\nyucodebase\main.cpp(274): warning C4244: '=': conversion from 'double' to 'float', possible loss of data
c:\users\iamsa\onedrive\documents\github\introgameprogramming\hw2\nyucodebase\nyucodebase\main.cpp(281): warning C4244: '=': conversion from 'double' to 'float', possible loss of data
c:\users\iamsa\onedrive\documents\github\introgameprogramming\hw2\nyucodebase\nyucodebase\main.cpp(287): warning C4244: '=': conversion from 'double' to 'float', possible loss of data
c:\users\iamsa\onedrive\documents\github\introgameprogramming\hw2\nyucodebase\nyucodebase\main.cpp(356): warning C4244: '=': conversion from 'double' to 'float', possible loss of data
c:\users\iamsa\onedrive\documents\github\introgameprogramming\hw2\nyucodebase\nyucodebase\main.cpp(360): warning C4244: '=': conversion from 'double' to 'float', possible loss of data
c:\users\iamsa\onedrive\documents\github\introgameprogramming\hw2\nyucodebase\nyucodebase\main.cpp(375): warning C4838: conversion from 'double' to 'float' requires a narrowing conversion
c:\users\iamsa\onedrive\documents\github\introgameprogramming\hw2\nyucodebase\nyucodebase\main.cpp(375): warning C4305: 'initializing': truncation from 'double' to 'float'
  NYUCodebase.vcxproj -> C:\Users\Iamsa\OneDrive\Documents\GitHub\IntroGameProgramming\HW2\NYUCodebase\Debug\NYUCodebase.exe
  NYUCodebase.vcxproj -> C:\Users\Iamsa\OneDrive\Documents\GitHub\IntroGameProgramming\HW2\NYUCodebase\Debug\NYUCodebase.pdb (Partial PDB)
