  main.cpp
c:\users\iamsa\onedrive\documents\github\introgameprogramming\hw3\nyucodebase\nyucodebase\main.cpp(73): warning C4018: '<': signed/unsigned mismatch
c:\users\iamsa\onedrive\documents\github\introgameprogramming\hw3\nyucodebase\nyucodebase\main.cpp(142): warning C4305: 'initializing': truncation from 'double' to 'float'
c:\users\iamsa\onedrive\documents\github\introgameprogramming\hw3\nyucodebase\nyucodebase\main.cpp(143): warning C4305: 'initializing': truncation from 'double' to 'float'
c:\users\iamsa\onedrive\documents\github\introgameprogramming\hw3\nyucodebase\nyucodebase\main.cpp(144): warning C4305: 'initializing': truncation from 'double' to 'float'
c:\users\iamsa\onedrive\documents\github\introgameprogramming\hw3\nyucodebase\nyucodebase\main.cpp(145): warning C4305: 'initializing': truncation from 'double' to 'float'
c:\users\iamsa\onedrive\documents\github\introgameprogramming\hw3\nyucodebase\nyucodebase\main.cpp(168): warning C4305: 'initializing': truncation from 'double' to 'float'
c:\users\iamsa\onedrive\documents\github\introgameprogramming\hw3\nyucodebase\nyucodebase\main.cpp(169): warning C4305: 'initializing': truncation from 'double' to 'float'
c:\users\iamsa\onedrive\documents\github\introgameprogramming\hw3\nyucodebase\nyucodebase\main.cpp(170): warning C4305: 'initializing': truncation from 'double' to 'float'
c:\users\iamsa\onedrive\documents\github\introgameprogramming\hw3\nyucodebase\nyucodebase\main.cpp(171): warning C4305: 'initializing': truncation from 'double' to 'float'
c:\users\iamsa\onedrive\documents\github\introgameprogramming\hw3\nyucodebase\nyucodebase\main.cpp(186): warning C4305: '=': truncation from 'double' to 'float'
c:\users\iamsa\onedrive\documents\github\introgameprogramming\hw3\nyucodebase\nyucodebase\main.cpp(187): warning C4305: '=': truncation from 'double' to 'float'
c:\users\iamsa\onedrive\documents\github\introgameprogramming\hw3\nyucodebase\nyucodebase\main.cpp(188): warning C4305: '=': truncation from 'double' to 'float'
c:\users\iamsa\onedrive\documents\github\introgameprogramming\hw3\nyucodebase\nyucodebase\main.cpp(189): warning C4305: '=': truncation from 'double' to 'float'
c:\users\iamsa\onedrive\documents\github\introgameprogramming\hw3\nyucodebase\nyucodebase\main.cpp(197): warning C4244: 'argument': conversion from 'double' to 'float', possible loss of data
c:\users\iamsa\onedrive\documents\github\introgameprogramming\hw3\nyucodebase\nyucodebase\main.cpp(199): warning C4244: '=': conversion from 'double' to 'float', possible loss of data
c:\users\iamsa\onedrive\documents\github\introgameprogramming\hw3\nyucodebase\nyucodebase\main.cpp(200): warning C4244: '=': conversion from 'double' to 'float', possible loss of data
c:\users\iamsa\onedrive\documents\github\introgameprogramming\hw3\nyucodebase\nyucodebase\main.cpp(202): warning C4244: '=': conversion from 'double' to 'float', possible loss of data
c:\users\iamsa\onedrive\documents\github\introgameprogramming\hw3\nyucodebase\nyucodebase\main.cpp(306): warning C4305: 'argument': truncation from 'double' to 'float'
c:\users\iamsa\onedrive\documents\github\introgameprogramming\hw3\nyucodebase\nyucodebase\main.cpp(359): warning C4305: 'argument': truncation from 'double' to 'float'
c:\users\iamsa\onedrive\documents\github\introgameprogramming\hw3\nyucodebase\nyucodebase\main.cpp(422): warning C4305: 'argument': truncation from 'double' to 'float'
c:\users\iamsa\onedrive\documents\github\introgameprogramming\hw3\nyucodebase\nyucodebase\main.cpp(488): warning C4244: '-=': conversion from 'double' to 'float', possible loss of data
c:\users\iamsa\onedrive\documents\github\introgameprogramming\hw3\nyucodebase\nyucodebase\main.cpp(489): warning C4244: '-=': conversion from 'double' to 'float', possible loss of data
c:\users\iamsa\onedrive\documents\github\introgameprogramming\hw3\nyucodebase\nyucodebase\main.cpp(490): warning C4244: 'argument': conversion from 'double' to 'float', possible loss of data
c:\users\iamsa\onedrive\documents\github\introgameprogramming\hw3\nyucodebase\nyucodebase\main.cpp(500): warning C4244: '+=': conversion from 'double' to 'float', possible loss of data
c:\users\iamsa\onedrive\documents\github\introgameprogramming\hw3\nyucodebase\nyucodebase\main.cpp(501): warning C4244: '+=': conversion from 'double' to 'float', possible loss of data
c:\users\iamsa\onedrive\documents\github\introgameprogramming\hw3\nyucodebase\nyucodebase\main.cpp(502): warning C4244: 'argument': conversion from 'double' to 'float', possible loss of data
c:\users\iamsa\onedrive\documents\github\introgameprogramming\hw3\nyucodebase\nyucodebase\main.cpp(554): warning C4244: '+=': conversion from 'double' to 'float', possible loss of data
c:\users\iamsa\onedrive\documents\github\introgameprogramming\hw3\nyucodebase\nyucodebase\main.cpp(555): warning C4244: '+=': conversion from 'double' to 'float', possible loss of data
c:\users\iamsa\onedrive\documents\github\introgameprogramming\hw3\nyucodebase\nyucodebase\main.cpp(556): warning C4244: 'argument': conversion from 'double' to 'float', possible loss of data
c:\users\iamsa\onedrive\documents\github\introgameprogramming\hw3\nyucodebase\nyucodebase\main.cpp(587): warning C4305: 'argument': truncation from 'double' to 'float'
c:\users\iamsa\onedrive\documents\github\introgameprogramming\hw3\nyucodebase\nyucodebase\main.cpp(589): warning C4305: 'argument': truncation from 'double' to 'float'
c:\users\iamsa\onedrive\documents\github\introgameprogramming\hw3\nyucodebase\nyucodebase\main.cpp(626): warning C4305: 'argument': truncation from 'double' to 'float'
  NYUCodebase.vcxproj -> C:\Users\Iamsa\OneDrive\Documents\GitHub\IntroGameProgramming\HW3\NYUCodebase\Debug\NYUCodebase.exe
  NYUCodebase.vcxproj -> C:\Users\Iamsa\OneDrive\Documents\GitHub\IntroGameProgramming\HW3\NYUCodebase\Debug\NYUCodebase.pdb (Partial PDB)
